<?xml version="1.0" encoding="UTF-8"?>
<!-- Generated by org.testng.reporters.JUnitXMLReporter -->
<testsuite ignored="3" hostname="DESKTOP-N6RJFER" failures="1" tests="1" name="Default test(failed)(failed)(failed)(failed)(failed)(failed)(failed)" time="0.02" errors="0" timestamp="2024-09-19T11:35:00 IST">
  <testcase classname="Test.NewTest001" name="testSimpleString" time="0.013">
    <failure type="org.testng.TestException" message="
Expected exception of type class java.lang.Exception but got java.lang.AssertionError: Simple string comparison should fail expected [Hello] but found [World]">
      <![CDATA[org.testng.TestException: 
Expected exception of type class java.lang.Exception but got java.lang.AssertionError: Simple string comparison should fail expected [Hello] but found [World]
at java.base/java.util.ArrayList.forEach(ArrayList.java:1511)
at Test.NewTest002.executeFailedTests(NewTest002.java:18)
at java.base/java.util.ArrayList.forEach(ArrayList.java:1511)
Caused by: java.lang.AssertionError: Simple string comparison should fail expected [Hello] but found [World]
at Test.NewTest001.testSimpleString(NewTest001.java:27)
... 48 more
... Removed 59 stack frames]]>
    </failure>
  </testcase> <!-- testSimpleString -->
  <testcase classname="Test.NewTest001" name="testcase01" time="0.0">
    <ignored/>
  </testcase> <!-- testcase01 -->
  <testcase classname="Test.NewTest001" name="testcase03" time="0.0">
    <ignored/>
  </testcase> <!-- testcase03 -->
  <testcase classname="Test.NewTest001" name="testcase02" time="0.0">
    <ignored/>
  </testcase> <!-- testcase02 -->
</testsuite> <!-- Default test(failed)(failed)(failed)(failed)(failed)(failed)(failed) -->
