<?xml version="1.0" encoding="UTF-8"?>
<!-- Generated by org.testng.reporters.JUnitXMLReporter -->
<testsuite ignored="3" hostname="DESKTOP-N6RJFER" failures="1" tests="1" name="Default test(failed)" time="0.083" errors="0" timestamp="2024-09-18T12:23:43 IST">
  <testcase classname="Test.NewTest001" name="testSimpleString" time="0.025">
    <failure type="java.lang.AssertionError" message="Simple string comparison should fail expected [Hello] but found [World]">
      <![CDATA[java.lang.AssertionError: Simple string comparison should fail expected [Hello] but found [World]
at Test.NewTest001.testSimpleString(NewTest001.java:27)
at java.base/java.util.ArrayList.forEach(ArrayList.java:1511)
... Removed 32 stack frames]]>
    </failure>
  </testcase> <!-- testSimpleString -->
  <testcase classname="Test.NewTest001" name="testcase01" time="0.0">
    <ignored/>
  </testcase> <!-- testcase01 -->
  <testcase classname="Test.NewTest001" name="testcase03" time="0.0">
    <ignored/>
  </testcase> <!-- testcase03 -->
  <testcase classname="Test.NewTest001" name="testcase02" time="0.0">
    <ignored/>
  </testcase> <!-- testcase02 -->
</testsuite> <!-- Default test(failed) -->
