<?xml version="1.0" encoding="UTF-8"?>
<!-- Generated by org.testng.reporters.JUnitXMLReporter -->
<testsuite ignored="3" hostname="DESKTOP-N6RJFER" failures="0" tests="2" name="Test" time="0.253" errors="0" timestamp="2024-09-18T19:25:16 IST">
  <testcase classname="Test.NewTest001" name="testcase01" time="0.005"/>
  <testcase classname="Test.NewTest002" name="executeFailedTests" time="0.216"/>
  <testcase classname="Test.NewTest001" name="testcase02" time="0.0">
    <ignored/>
  </testcase> <!-- testcase02 -->
  <testcase classname="Test.NewTest001" name="testcase03" time="0.0">
    <ignored/>
  </testcase> <!-- testcase03 -->
  <testcase classname="Test.NewTest001" name="testSimpleString" time="0.0">
    <ignored/>
  </testcase> <!-- testSimpleString -->
</testsuite> <!-- Test -->
