<?xml version="1.0" encoding="UTF-8"?>
<testsuite xmlns:xsi="http://www.w3.org/2001/XMLSchema-instance" xsi:noNamespaceSchemaLocation="https://maven.apache.org/surefire/maven-surefire-plugin/xsd/surefire-test-report.xsd" version="3.0.2" name="TestSuite" time="0.747" tests="2" errors="0" skipped="0" failures="0">
  <properties>
[...]
</properties>
  <testcase name="testcase01" classname="Test.NewTest001" time="0.007">
    <system-out><![CDATA[test-1 executed
]]></system-out>
    <system-err><![CDATA[SLF4J: Failed to load class "org.slf4j.impl.StaticLoggerBinder".
SLF4J: Defaulting to no-operation (NOP) logger implementation
SLF4J: See http://www.slf4j.org/codes.html#StaticLoggerBinder for further details.
]]></system-err>
  </testcase>
  <testcase name="executeFailedTests" classname="Test.NewTest002" time="0.216">
    <system-out><![CDATA[Executing failed method: testSimpleString

===============================================
Failed suite [Failed suite [Failed suite [Failed suite [Failed suite [Default suite]]]]]
Total tests run: 1, Passes: 0, Failures: 1, Skips: 0
===============================================

]]></system-out>
  </testcase>
</testsuite>