<?xml version="1.0" encoding="UTF-8"?>
<testng-results ignored="3" total="5" passed="2" failed="0" skipped="0">
  <reporter-output>
  </reporter-output>
  <suite started-at="2024-09-18T19:25:16 IST" name="Suite" finished-at="2024-09-18T19:25:16 IST" duration-ms="253">
    <groups>
    </groups>
    <test started-at="2024-09-18T19:25:16 IST" name="Test" finished-at="2024-09-18T19:25:16 IST" duration-ms="253">
      <class name="Test.NewTest002">
        <test-method signature="executeFailedTests()[pri:0, instance:Test.NewTest002@37654521]" started-at="2024-09-18T19:25:16 IST" name="executeFailedTests" finished-at="2024-09-18T19:25:16 IST" duration-ms="216" status="PASS">
          <reporter-output>
          </reporter-output>
        </test-method> <!-- executeFailedTests -->
      </class> <!-- Test.NewTest002 -->
      <class name="Test.NewTest001">
        <test-method signature="testcase01()[pri:1, instance:Test.NewTest001@15bbf42f]" started-at="2024-09-18T19:25:16 IST" name="testcase01" description="Test case 1" finished-at="2024-09-18T19:25:16 IST" duration-ms="5" status="PASS">
          <reporter-output>
          </reporter-output>
        </test-method> <!-- testcase01 -->
      </class> <!-- Test.NewTest001 -->
    </test> <!-- Test -->
  </suite> <!-- Suite -->
</testng-results>
