<?xml version="1.0" encoding="UTF-8"?>
<testng-results ignored="0" total="1" passed="1" failed="0" skipped="0">
  <reporter-output>
  </reporter-output>
  <suite started-at="2024-09-30T20:50:38 IST" name="Default suite" finished-at="2024-09-30T20:50:47 IST" duration-ms="8363">
    <groups>
    </groups>
    <test started-at="2024-09-30T20:50:38 IST" name="Default test" finished-at="2024-09-30T20:50:47 IST" duration-ms="8363">
      <class name="Test.ReadData">
        <test-method is-config="true" signature="allPreTest()[pri:0, instance:Test.ReadData@368247b9]" started-at="2024-09-30T20:50:38 IST" name="allPreTest" finished-at="2024-09-30T20:50:38 IST" duration-ms="190" status="PASS">
          <reporter-output>
          </reporter-output>
        </test-method> <!-- allPreTest -->
        <test-method is-config="true" signature="difine_prop()[pri:0, instance:Test.ReadData@368247b9]" started-at="2024-09-30T20:50:38 IST" name="difine_prop" finished-at="2024-09-30T20:50:38 IST" duration-ms="1" status="PASS">
          <reporter-output>
          </reporter-output>
        </test-method> <!-- difine_prop -->
        <test-method is-config="true" signature="preMethod(org.testng.ITestResult)[pri:0, instance:Test.ReadData@368247b9]" started-at="2024-09-30T20:50:38 IST" name="preMethod" finished-at="2024-09-30T20:50:38 IST" duration-ms="2" status="PASS">
          <params>
            <param index="0">
              <value>
                <![CDATA[[TestResult name={null} status=CREATED method=ReadData.tc001()[pri:0, instance:Test.ReadData@368247b9] output={null}]]]>
              </value>
            </param>
          </params>
          <reporter-output>
          </reporter-output>
        </test-method> <!-- preMethod -->
        <test-method signature="tc001()[pri:0, instance:Test.ReadData@368247b9]" started-at="2024-09-30T20:50:38 IST" name="tc001" finished-at="2024-09-30T20:50:46 IST" duration-ms="7763" status="PASS">
          <reporter-output>
          </reporter-output>
        </test-method> <!-- tc001 -->
        <test-method is-config="true" signature="postMethod()[pri:0, instance:Test.ReadData@368247b9]" started-at="2024-09-30T20:50:46 IST" name="postMethod" finished-at="2024-09-30T20:50:46 IST" duration-ms="304" status="PASS">
          <reporter-output>
          </reporter-output>
        </test-method> <!-- postMethod -->
        <test-method is-config="true" signature="allPostTest()[pri:0, instance:Test.ReadData@368247b9]" started-at="2024-09-30T20:50:46 IST" name="allPostTest" finished-at="2024-09-30T20:50:47 IST" duration-ms="50" status="PASS">
          <reporter-output>
          </reporter-output>
        </test-method> <!-- allPostTest -->
      </class> <!-- Test.ReadData -->
    </test> <!-- Default test -->
  </suite> <!-- Default suite -->
</testng-results>
